<?xml version="1.0" encoding="UTF-8"?>
<testsuite name="create new user" tests="1" skipped="0" failures="0" errors="0" timestamp="2022-04-21T22:59:17" hostname="URIELPC" time="35.196">
  <properties/>
  <testcase name="register an user" classname="create new user" time="35.196"/>
  <system-out><![CDATA[]]></system-out>
  <system-err><![CDATA[[Test worker] WARN net.thucydides.core.steps.BaseStepListener - stepStarted: net.thucydides.core.steps.ExecutedStepDescription@36dc30e2
[Test worker] WARN net.thucydides.core.steps.BaseStepListener - stepStarted: net.thucydides.core.steps.ExecutedStepDescription@2f9dca34
[Test worker] WARN net.thucydides.core.steps.BaseStepListener - stepStarted: net.thucydides.core.steps.ExecutedStepDescription@7d5ba293
abr 21, 2022 5:59:18 PM org.openqa.selenium.remote.DesiredCapabilities chrome
INFORMACIÓN: Using `new ChromeOptions()` is preferred to `DesiredCapabilities.chrome()`
[Test worker] INFO net.serenitybdd.core.webdriver.driverproviders.ProvideNewDriver - Instantiating driver
[Test worker] INFO net.serenitybdd.core.webdriver.driverproviders.ProvideNewDriver - Driver capabilities: Capabilities {acceptInsecureCerts: false, browserName: chrome, chrome.switches: --start-maximized, goog:chromeOptions: {args: [--start-maximized], extensions: []}, loggingPrefs: org.openqa.selenium.logging..., platform: ANY, version: }
Starting ChromeDriver 100.0.4896.60 (6a5d10861ce8de5fce22564658033b43cb7de047-refs/branch-heads/4896@{#875}) on port 38822
Only local connections are allowed.
Please see https://chromedriver.chromium.org/security-considerations for suggestions on keeping ChromeDriver safe.
ChromeDriver was started successfully.
abr 21, 2022 5:59:20 PM org.openqa.selenium.remote.ProtocolHandshake createSession
INFORMACIÓN: Detected dialect: W3C
[Test worker] WARN net.thucydides.core.steps.BaseStepListener - stepFinished: current outcome:register an user:Given than santiago need register in platform utest [Santiago open up [Santiago opens the Utest page]]
[Test worker] WARN net.thucydides.core.steps.BaseStepListener - stepStarted: net.thucydides.core.steps.ExecutedStepDescription@563ff7ac
[Test worker] WARN net.thucydides.core.steps.BaseStepListener - stepFinished: current outcome:register an user:Given than santiago need register in platform utest [Santiago open up [Santiago opens the Utest page, Santiago clicks on button for entry]]
[Test worker] WARN net.thucydides.core.steps.BaseStepListener - stepFinished: current outcome:register an user:Given than santiago need register in platform utest [Santiago open up [Santiago opens the Utest page, Santiago clicks on button for entry]]
[Test worker] WARN net.thucydides.core.steps.BaseStepListener - stepFinished: current outcome:register an user:Given than santiago need register in platform utest [Santiago open up [Santiago opens the Utest page, Santiago clicks on button for entry]]
[Test worker] WARN net.thucydides.core.steps.BaseStepListener - stepStarted: net.thucydides.core.steps.ExecutedStepDescription@1af89314
[Test worker] WARN net.thucydides.core.steps.BaseStepListener - stepStarted: net.thucydides.core.steps.ExecutedStepDescription@b2e56bd
[Test worker] WARN net.thucydides.core.steps.BaseStepListener - stepStarted: net.thucydides.core.steps.ExecutedStepDescription@64426202
[Test worker] WARN net.thucydides.core.steps.BaseStepListener - stepFinished: current outcome:register an user:Given than santiago need register in platform utest [Santiago open up [Santiago opens the Utest page, Santiago clicks on button for entry]], When he register can navegation in platform
| strNameUser | strLastName | strEmail | strBirthMonth | strBirthDay | strBirthYear | strCity | strPostalCode | strCountry | strPhone | strModel | strOperatingSystem | strPassword |
| Jose | Pelaez | pruebas1@preubas.com | May | 13 | 1983 | Bogota | 110111 | Colombia | Samsung | Galaxy A | Android 7.1.1 | Prueba12123 | [Santiago login [Santiago enters 'Jose' into Input for name]]
[Test worker] WARN net.thucydides.core.steps.BaseStepListener - stepStarted: net.thucydides.core.steps.ExecutedStepDescription@54b1e78d
[Test worker] WARN net.thucydides.core.steps.BaseStepListener - stepFinished: current outcome:register an user:Given than santiago need register in platform utest [Santiago open up [Santiago opens the Utest page, Santiago clicks on button for entry]], When he register can navegation in platform
| strNameUser | strLastName | strEmail | strBirthMonth | strBirthDay | strBirthYear | strCity | strPostalCode | strCountry | strPhone | strModel | strOperatingSystem | strPassword |
| Jose | Pelaez | pruebas1@preubas.com | May | 13 | 1983 | Bogota | 110111 | Colombia | Samsung | Galaxy A | Android 7.1.1 | Prueba12123 | [Santiago login [Santiago enters 'Jose' into Input for name, Santiago enters 'Pelaez' into Input for last name]]
[Test worker] WARN net.thucydides.core.steps.BaseStepListener - stepStarted: net.thucydides.core.steps.ExecutedStepDescription@4328e0be
[Test worker] WARN net.thucydides.core.steps.BaseStepListener - stepFinished: current outcome:register an user:Given than santiago need register in platform utest [Santiago open up [Santiago opens the Utest page, Santiago clicks on button for entry]], When he register can navegation in platform
| strNameUser | strLastName | strEmail | strBirthMonth | strBirthDay | strBirthYear | strCity | strPostalCode | strCountry | strPhone | strModel | strOperatingSystem | strPassword |
| Jose | Pelaez | pruebas1@preubas.com | May | 13 | 1983 | Bogota | 110111 | Colombia | Samsung | Galaxy A | Android 7.1.1 | Prueba12123 | [Santiago login [Santiago enters 'Jose' into Input for name, Santiago enters 'Pelaez' into Input for last name, Santiago enters 'pruebas1@preubas.com' into Input for email]]
[Test worker] WARN net.thucydides.core.steps.BaseStepListener - stepStarted: net.thucydides.core.steps.ExecutedStepDescription@18dc6745
[Test worker] WARN net.thucydides.core.steps.BaseStepListener - stepFinished: current outcome:register an user:Given than santiago need register in platform utest [Santiago open up [Santiago opens the Utest page, Santiago clicks on button for entry]], When he register can navegation in platform
| strNameUser | strLastName | strEmail | strBirthMonth | strBirthDay | strBirthYear | strCity | strPostalCode | strCountry | strPhone | strModel | strOperatingSystem | strPassword |
| Jose | Pelaez | pruebas1@preubas.com | May | 13 | 1983 | Bogota | 110111 | Colombia | Samsung | Galaxy A | Android 7.1.1 | Prueba12123 | [Santiago login [Santiago enters 'Jose' into Input for name, Santiago enters 'Pelaez' into Input for last name, Santiago enters 'pruebas1@preubas.com' into Input for email, Santiago select May on Select month]]
[Test worker] WARN net.thucydides.core.steps.BaseStepListener - stepStarted: net.thucydides.core.steps.ExecutedStepDescription@38484d49
[Test worker] WARN net.thucydides.core.steps.BaseStepListener - stepFinished: current outcome:register an user:Given than santiago need register in platform utest [Santiago open up [Santiago opens the Utest page, Santiago clicks on button for entry]], When he register can navegation in platform
| strNameUser | strLastName | strEmail | strBirthMonth | strBirthDay | strBirthYear | strCity | strPostalCode | strCountry | strPhone | strModel | strOperatingSystem | strPassword |
| Jose | Pelaez | pruebas1@preubas.com | May | 13 | 1983 | Bogota | 110111 | Colombia | Samsung | Galaxy A | Android 7.1.1 | Prueba12123 | [Santiago login [Santiago enters 'Jose' into Input for name, Santiago enters 'Pelaez' into Input for last name, Santiago enters 'pruebas1@preubas.com' into Input for email, Santiago select May on Select month, Santiago select 13 on Select day]]
[Test worker] WARN net.thucydides.core.steps.BaseStepListener - stepStarted: net.thucydides.core.steps.ExecutedStepDescription@2d769b68
[Test worker] WARN net.thucydides.core.steps.BaseStepListener - stepFinished: current outcome:register an user:Given than santiago need register in platform utest [Santiago open up [Santiago opens the Utest page, Santiago clicks on button for entry]], When he register can navegation in platform
| strNameUser | strLastName | strEmail | strBirthMonth | strBirthDay | strBirthYear | strCity | strPostalCode | strCountry | strPhone | strModel | strOperatingSystem | strPassword |
| Jose | Pelaez | pruebas1@preubas.com | May | 13 | 1983 | Bogota | 110111 | Colombia | Samsung | Galaxy A | Android 7.1.1 | Prueba12123 | [Santiago login [Santiago enters 'Jose' into Input for name, Santiago enters 'Pelaez' into Input for last name, Santiago enters 'pruebas1@preubas.com' into Input for email, Santiago select May on Select month, Santiago select 13 on Select day, Santiago select 1983 on Select year]]
[Test worker] WARN net.thucydides.core.steps.BaseStepListener - stepStarted: net.thucydides.core.steps.ExecutedStepDescription@7cbf536e
[Test worker] WARN net.thucydides.core.steps.BaseStepListener - stepFinished: current outcome:register an user:Given than santiago need register in platform utest [Santiago open up [Santiago opens the Utest page, Santiago clicks on button for entry]], When he register can navegation in platform
| strNameUser | strLastName | strEmail | strBirthMonth | strBirthDay | strBirthYear | strCity | strPostalCode | strCountry | strPhone | strModel | strOperatingSystem | strPassword |
| Jose | Pelaez | pruebas1@preubas.com | May | 13 | 1983 | Bogota | 110111 | Colombia | Samsung | Galaxy A | Android 7.1.1 | Prueba12123 | [Santiago login [Santiago enters 'Jose' into Input for name, Santiago enters 'Pelaez' into Input for last name, Santiago enters 'pruebas1@preubas.com' into Input for email, Santiago select May on Select month, Santiago select 13 on Select day, Santiago select 1983 on Select year, Santiago clicks on Button next]]
[Test worker] WARN net.thucydides.core.steps.BaseStepListener - stepFinished: current outcome:register an user:Given than santiago need register in platform utest [Santiago open up [Santiago opens the Utest page, Santiago clicks on button for entry]], When he register can navegation in platform
| strNameUser | strLastName | strEmail | strBirthMonth | strBirthDay | strBirthYear | strCity | strPostalCode | strCountry | strPhone | strModel | strOperatingSystem | strPassword |
| Jose | Pelaez | pruebas1@preubas.com | May | 13 | 1983 | Bogota | 110111 | Colombia | Samsung | Galaxy A | Android 7.1.1 | Prueba12123 | [Santiago login [Santiago enters 'Jose' into Input for name, Santiago enters 'Pelaez' into Input for last name, Santiago enters 'pruebas1@preubas.com' into Input for email, Santiago select May on Select month, Santiago select 13 on Select day, Santiago select 1983 on Select year, Santiago clicks on Button next]]
[Test worker] WARN net.thucydides.core.steps.BaseStepListener - stepStarted: net.thucydides.core.steps.ExecutedStepDescription@45115619
[Test worker] WARN net.thucydides.core.steps.BaseStepListener - stepStarted: net.thucydides.core.steps.ExecutedStepDescription@429b4501
[Test worker] WARN net.thucydides.core.steps.BaseStepListener - stepFinished: current outcome:register an user:Given than santiago need register in platform utest [Santiago open up [Santiago opens the Utest page, Santiago clicks on button for entry]], When he register can navegation in platform
| strNameUser | strLastName | strEmail | strBirthMonth | strBirthDay | strBirthYear | strCity | strPostalCode | strCountry | strPhone | strModel | strOperatingSystem | strPassword |
| Jose | Pelaez | pruebas1@preubas.com | May | 13 | 1983 | Bogota | 110111 | Colombia | Samsung | Galaxy A | Android 7.1.1 | Prueba12123 | [Santiago login [Santiago enters 'Jose' into Input for name, Santiago enters 'Pelaez' into Input for last name, Santiago enters 'pruebas1@preubas.com' into Input for email, Santiago select May on Select month, Santiago select 13 on Select day, Santiago select 1983 on Select year, Santiago clicks on Button next], Santiago location [Santiago enters 'Bogota' into Enter the city]]
[Test worker] WARN net.thucydides.core.steps.BaseStepListener - stepStarted: net.thucydides.core.steps.ExecutedStepDescription@6ca4ee9e
[Test worker] WARN net.thucydides.core.steps.BaseStepListener - stepFinished: current outcome:register an user:Given than santiago need register in platform utest [Santiago open up [Santiago opens the Utest page, Santiago clicks on button for entry]], When he register can navegation in platform
| strNameUser | strLastName | strEmail | strBirthMonth | strBirthDay | strBirthYear | strCity | strPostalCode | strCountry | strPhone | strModel | strOperatingSystem | strPassword |
| Jose | Pelaez | pruebas1@preubas.com | May | 13 | 1983 | Bogota | 110111 | Colombia | Samsung | Galaxy A | Android 7.1.1 | Prueba12123 | [Santiago login [Santiago enters 'Jose' into Input for name, Santiago enters 'Pelaez' into Input for last name, Santiago enters 'pruebas1@preubas.com' into Input for email, Santiago select May on Select month, Santiago select 13 on Select day, Santiago select 1983 on Select year, Santiago clicks on Button next], Santiago location [Santiago enters 'Bogota' into Enter the city, Santiago types 'ARROW_DOWN' in Enter the city]]
[Test worker] WARN net.thucydides.core.steps.BaseStepListener - stepStarted: net.thucydides.core.steps.ExecutedStepDescription@34fe3542
[Test worker] WARN net.thucydides.core.steps.BaseStepListener - stepFinished: current outcome:register an user:Given than santiago need register in platform utest [Santiago open up [Santiago opens the Utest page, Santiago clicks on button for entry]], When he register can navegation in platform
| strNameUser | strLastName | strEmail | strBirthMonth | strBirthDay | strBirthYear | strCity | strPostalCode | strCountry | strPhone | strModel | strOperatingSystem | strPassword |
| Jose | Pelaez | pruebas1@preubas.com | May | 13 | 1983 | Bogota | 110111 | Colombia | Samsung | Galaxy A | Android 7.1.1 | Prueba12123 | [Santiago login [Santiago enters 'Jose' into Input for name, Santiago enters 'Pelaez' into Input for last name, Santiago enters 'pruebas1@preubas.com' into Input for email, Santiago select May on Select month, Santiago select 13 on Select day, Santiago select 1983 on Select year, Santiago clicks on Button next], Santiago location [Santiago enters 'Bogota' into Enter the city, Santiago types 'ARROW_DOWN' in Enter the city, Santiago types 'ENTER' in Enter the city]]
[Test worker] WARN net.thucydides.core.steps.BaseStepListener - stepStarted: net.thucydides.core.steps.ExecutedStepDescription@4bd73554
[Test worker] WARN net.thucydides.core.steps.BaseStepListener - stepFinished: current outcome:register an user:Given than santiago need register in platform utest [Santiago open up [Santiago opens the Utest page, Santiago clicks on button for entry]], When he register can navegation in platform
| strNameUser | strLastName | strEmail | strBirthMonth | strBirthDay | strBirthYear | strCity | strPostalCode | strCountry | strPhone | strModel | strOperatingSystem | strPassword |
| Jose | Pelaez | pruebas1@preubas.com | May | 13 | 1983 | Bogota | 110111 | Colombia | Samsung | Galaxy A | Android 7.1.1 | Prueba12123 | [Santiago login [Santiago enters 'Jose' into Input for name, Santiago enters 'Pelaez' into Input for last name, Santiago enters 'pruebas1@preubas.com' into Input for email, Santiago select May on Select month, Santiago select 13 on Select day, Santiago select 1983 on Select year, Santiago clicks on Button next], Santiago location [Santiago enters 'Bogota' into Enter the city, Santiago types 'ARROW_DOWN' in Enter the city, Santiago types 'ENTER' in Enter the city, Santiago enters '110111' into Enter the postal code or zip ]]
[Test worker] WARN net.thucydides.core.steps.BaseStepListener - stepStarted: net.thucydides.core.steps.ExecutedStepDescription@7127c97e
[Test worker] WARN net.thucydides.core.steps.BaseStepListener - stepFinished: current outcome:register an user:Given than santiago need register in platform utest [Santiago open up [Santiago opens the Utest page, Santiago clicks on button for entry]], When he register can navegation in platform
| strNameUser | strLastName | strEmail | strBirthMonth | strBirthDay | strBirthYear | strCity | strPostalCode | strCountry | strPhone | strModel | strOperatingSystem | strPassword |
| Jose | Pelaez | pruebas1@preubas.com | May | 13 | 1983 | Bogota | 110111 | Colombia | Samsung | Galaxy A | Android 7.1.1 | Prueba12123 | [Santiago login [Santiago enters 'Jose' into Input for name, Santiago enters 'Pelaez' into Input for last name, Santiago enters 'pruebas1@preubas.com' into Input for email, Santiago select May on Select month, Santiago select 13 on Select day, Santiago select 1983 on Select year, Santiago clicks on Button next], Santiago location [Santiago enters 'Bogota' into Enter the city, Santiago types 'ARROW_DOWN' in Enter the city, Santiago types 'ENTER' in Enter the city, Santiago enters '110111' into Enter the postal code or zip , Santiago clicks on Contein global of countries]]
[Test worker] WARN net.thucydides.core.steps.BaseStepListener - stepStarted: net.thucydides.core.steps.ExecutedStepDescription@4204917a
[Test worker] WARN net.thucydides.core.steps.BaseStepListener - stepFinished: current outcome:register an user:Given than santiago need register in platform utest [Santiago open up [Santiago opens the Utest page, Santiago clicks on button for entry]], When he register can navegation in platform
| strNameUser | strLastName | strEmail | strBirthMonth | strBirthDay | strBirthYear | strCity | strPostalCode | strCountry | strPhone | strModel | strOperatingSystem | strPassword |
| Jose | Pelaez | pruebas1@preubas.com | May | 13 | 1983 | Bogota | 110111 | Colombia | Samsung | Galaxy A | Android 7.1.1 | Prueba12123 | [Santiago login [Santiago enters 'Jose' into Input for name, Santiago enters 'Pelaez' into Input for last name, Santiago enters 'pruebas1@preubas.com' into Input for email, Santiago select May on Select month, Santiago select 13 on Select day, Santiago select 1983 on Select year, Santiago clicks on Button next], Santiago location [Santiago enters 'Bogota' into Enter the city, Santiago types 'ARROW_DOWN' in Enter the city, Santiago types 'ENTER' in Enter the city, Santiago enters '110111' into Enter the postal code or zip , Santiago clicks on Contein global of countries, Santiago enters 'Colombia' then hits ARROW_DOWN and ENTER into Select your Country]]
[Test worker] WARN net.thucydides.core.steps.BaseStepListener - stepStarted: net.thucydides.core.steps.ExecutedStepDescription@74a7e202
[Test worker] WARN net.thucydides.core.steps.BaseStepListener - stepFinished: current outcome:register an user:Given than santiago need register in platform utest [Santiago open up [Santiago opens the Utest page, Santiago clicks on button for entry]], When he register can navegation in platform
| strNameUser | strLastName | strEmail | strBirthMonth | strBirthDay | strBirthYear | strCity | strPostalCode | strCountry | strPhone | strModel | strOperatingSystem | strPassword |
| Jose | Pelaez | pruebas1@preubas.com | May | 13 | 1983 | Bogota | 110111 | Colombia | Samsung | Galaxy A | Android 7.1.1 | Prueba12123 | [Santiago login [Santiago enters 'Jose' into Input for name, Santiago enters 'Pelaez' into Input for last name, Santiago enters 'pruebas1@preubas.com' into Input for email, Santiago select May on Select month, Santiago select 13 on Select day, Santiago select 1983 on Select year, Santiago clicks on Button next], Santiago location [Santiago enters 'Bogota' into Enter the city, Santiago types 'ARROW_DOWN' in Enter the city, Santiago types 'ENTER' in Enter the city, Santiago enters '110111' into Enter the postal code or zip , Santiago clicks on Contein global of countries, Santiago enters 'Colombia' then hits ARROW_DOWN and ENTER into Select your Country, Santiago clicks on Button next devices]]
[Test worker] WARN net.thucydides.core.steps.BaseStepListener - stepFinished: current outcome:register an user:Given than santiago need register in platform utest [Santiago open up [Santiago opens the Utest page, Santiago clicks on button for entry]], When he register can navegation in platform
| strNameUser | strLastName | strEmail | strBirthMonth | strBirthDay | strBirthYear | strCity | strPostalCode | strCountry | strPhone | strModel | strOperatingSystem | strPassword |
| Jose | Pelaez | pruebas1@preubas.com | May | 13 | 1983 | Bogota | 110111 | Colombia | Samsung | Galaxy A | Android 7.1.1 | Prueba12123 | [Santiago login [Santiago enters 'Jose' into Input for name, Santiago enters 'Pelaez' into Input for last name, Santiago enters 'pruebas1@preubas.com' into Input for email, Santiago select May on Select month, Santiago select 13 on Select day, Santiago select 1983 on Select year, Santiago clicks on Button next], Santiago location [Santiago enters 'Bogota' into Enter the city, Santiago types 'ARROW_DOWN' in Enter the city, Santiago types 'ENTER' in Enter the city, Santiago enters '110111' into Enter the postal code or zip , Santiago clicks on Contein global of countries, Santiago enters 'Colombia' then hits ARROW_DOWN and ENTER into Select your Country, Santiago clicks on Button next devices]]
[Test worker] WARN net.thucydides.core.steps.BaseStepListener - stepStarted: net.thucydides.core.steps.ExecutedStepDescription@245c28a3
[Test worker] WARN net.thucydides.core.steps.BaseStepListener - stepStarted: net.thucydides.core.steps.ExecutedStepDescription@2cf7f761
[Test worker] WARN net.thucydides.core.steps.BaseStepListener - stepFinished: current outcome:register an user:Given than santiago need register in platform utest [Santiago open up [Santiago opens the Utest page, Santiago clicks on button for entry]], When he register can navegation in platform
| strNameUser | strLastName | strEmail | strBirthMonth | strBirthDay | strBirthYear | strCity | strPostalCode | strCountry | strPhone | strModel | strOperatingSystem | strPassword |
| Jose | Pelaez | pruebas1@preubas.com | May | 13 | 1983 | Bogota | 110111 | Colombia | Samsung | Galaxy A | Android 7.1.1 | Prueba12123 | [Santiago login [Santiago enters 'Jose' into Input for name, Santiago enters 'Pelaez' into Input for last name, Santiago enters 'pruebas1@preubas.com' into Input for email, Santiago select May on Select month, Santiago select 13 on Select day, Santiago select 1983 on Select year, Santiago clicks on Button next], Santiago location [Santiago enters 'Bogota' into Enter the city, Santiago types 'ARROW_DOWN' in Enter the city, Santiago types 'ENTER' in Enter the city, Santiago enters '110111' into Enter the postal code or zip , Santiago clicks on Contein global of countries, Santiago enters 'Colombia' then hits ARROW_DOWN and ENTER into Select your Country, Santiago clicks on Button next devices], Santiago data devices [Santiago clicks on Global phone]]
[Test worker] WARN net.thucydides.core.steps.BaseStepListener - stepStarted: net.thucydides.core.steps.ExecutedStepDescription@7abd2c85
[Test worker] WARN net.thucydides.core.steps.BaseStepListener - stepFinished: current outcome:register an user:Given than santiago need register in platform utest [Santiago open up [Santiago opens the Utest page, Santiago clicks on button for entry]], When he register can navegation in platform
| strNameUser | strLastName | strEmail | strBirthMonth | strBirthDay | strBirthYear | strCity | strPostalCode | strCountry | strPhone | strModel | strOperatingSystem | strPassword |
| Jose | Pelaez | pruebas1@preubas.com | May | 13 | 1983 | Bogota | 110111 | Colombia | Samsung | Galaxy A | Android 7.1.1 | Prueba12123 | [Santiago login [Santiago enters 'Jose' into Input for name, Santiago enters 'Pelaez' into Input for last name, Santiago enters 'pruebas1@preubas.com' into Input for email, Santiago select May on Select month, Santiago select 13 on Select day, Santiago select 1983 on Select year, Santiago clicks on Button next], Santiago location [Santiago enters 'Bogota' into Enter the city, Santiago types 'ARROW_DOWN' in Enter the city, Santiago types 'ENTER' in Enter the city, Santiago enters '110111' into Enter the postal code or zip , Santiago clicks on Contein global of countries, Santiago enters 'Colombia' then hits ARROW_DOWN and ENTER into Select your Country, Santiago clicks on Button next devices], Santiago data devices [Santiago clicks on Global phone, Santiago enters 'Samsung' then hits ARROW_DOWN and ENTER into Your device brand]]
[Test worker] WARN net.thucydides.core.steps.BaseStepListener - stepStarted: net.thucydides.core.steps.ExecutedStepDescription@33443fd2
[Test worker] WARN net.thucydides.core.steps.BaseStepListener - stepFinished: current outcome:register an user:Given than santiago need register in platform utest [Santiago open up [Santiago opens the Utest page, Santiago clicks on button for entry]], When he register can navegation in platform
| strNameUser | strLastName | strEmail | strBirthMonth | strBirthDay | strBirthYear | strCity | strPostalCode | strCountry | strPhone | strModel | strOperatingSystem | strPassword |
| Jose | Pelaez | pruebas1@preubas.com | May | 13 | 1983 | Bogota | 110111 | Colombia | Samsung | Galaxy A | Android 7.1.1 | Prueba12123 | [Santiago login [Santiago enters 'Jose' into Input for name, Santiago enters 'Pelaez' into Input for last name, Santiago enters 'pruebas1@preubas.com' into Input for email, Santiago select May on Select month, Santiago select 13 on Select day, Santiago select 1983 on Select year, Santiago clicks on Button next], Santiago location [Santiago enters 'Bogota' into Enter the city, Santiago types 'ARROW_DOWN' in Enter the city, Santiago types 'ENTER' in Enter the city, Santiago enters '110111' into Enter the postal code or zip , Santiago clicks on Contein global of countries, Santiago enters 'Colombia' then hits ARROW_DOWN and ENTER into Select your Country, Santiago clicks on Button next devices], Santiago data devices [Santiago clicks on Global phone, Santiago enters 'Samsung' then hits ARROW_DOWN and ENTER into Your device brand, Santiago clicks on Global Model ]]
[Test worker] WARN net.thucydides.core.steps.BaseStepListener - stepStarted: net.thucydides.core.steps.ExecutedStepDescription@41fdbd9
[Test worker] WARN net.thucydides.core.steps.BaseStepListener - stepFinished: current outcome:register an user:Given than santiago need register in platform utest [Santiago open up [Santiago opens the Utest page, Santiago clicks on button for entry]], When he register can navegation in platform
| strNameUser | strLastName | strEmail | strBirthMonth | strBirthDay | strBirthYear | strCity | strPostalCode | strCountry | strPhone | strModel | strOperatingSystem | strPassword |
| Jose | Pelaez | pruebas1@preubas.com | May | 13 | 1983 | Bogota | 110111 | Colombia | Samsung | Galaxy A | Android 7.1.1 | Prueba12123 | [Santiago login [Santiago enters 'Jose' into Input for name, Santiago enters 'Pelaez' into Input for last name, Santiago enters 'pruebas1@preubas.com' into Input for email, Santiago select May on Select month, Santiago select 13 on Select day, Santiago select 1983 on Select year, Santiago clicks on Button next], Santiago location [Santiago enters 'Bogota' into Enter the city, Santiago types 'ARROW_DOWN' in Enter the city, Santiago types 'ENTER' in Enter the city, Santiago enters '110111' into Enter the postal code or zip , Santiago clicks on Contein global of countries, Santiago enters 'Colombia' then hits ARROW_DOWN and ENTER into Select your Country, Santiago clicks on Button next devices], Santiago data devices [Santiago clicks on Global phone, Santiago enters 'Samsung' then hits ARROW_DOWN and ENTER into Your device brand, Santiago clicks on Global Model , Santiago enters 'Galaxy A' then hits ARROW_DOWN and ENTER into Your device model]]
[Test worker] WARN net.thucydides.core.steps.BaseStepListener - stepStarted: net.thucydides.core.steps.ExecutedStepDescription@6272cca0
[Test worker] WARN net.thucydides.core.steps.BaseStepListener - stepFinished: current outcome:register an user:Given than santiago need register in platform utest [Santiago open up [Santiago opens the Utest page, Santiago clicks on button for entry]], When he register can navegation in platform
| strNameUser | strLastName | strEmail | strBirthMonth | strBirthDay | strBirthYear | strCity | strPostalCode | strCountry | strPhone | strModel | strOperatingSystem | strPassword |
| Jose | Pelaez | pruebas1@preubas.com | May | 13 | 1983 | Bogota | 110111 | Colombia | Samsung | Galaxy A | Android 7.1.1 | Prueba12123 | [Santiago login [Santiago enters 'Jose' into Input for name, Santiago enters 'Pelaez' into Input for last name, Santiago enters 'pruebas1@preubas.com' into Input for email, Santiago select May on Select month, Santiago select 13 on Select day, Santiago select 1983 on Select year, Santiago clicks on Button next], Santiago location [Santiago enters 'Bogota' into Enter the city, Santiago types 'ARROW_DOWN' in Enter the city, Santiago types 'ENTER' in Enter the city, Santiago enters '110111' into Enter the postal code or zip , Santiago clicks on Contein global of countries, Santiago enters 'Colombia' then hits ARROW_DOWN and ENTER into Select your Country, Santiago clicks on Button next devices], Santiago data devices [Santiago clicks on Global phone, Santiago enters 'Samsung' then hits ARROW_DOWN and ENTER into Your device brand, Santiago clicks on Global Model , Santiago enters 'Galaxy A' then hits ARROW_DOWN and ENTER into Your device model, Santiago clicks on Global operating system]]
[Test worker] WARN net.thucydides.core.steps.BaseStepListener - stepStarted: net.thucydides.core.steps.ExecutedStepDescription@3878f1d9
[Test worker] WARN net.thucydides.core.steps.BaseStepListener - stepFinished: current outcome:register an user:Given than santiago need register in platform utest [Santiago open up [Santiago opens the Utest page, Santiago clicks on button for entry]], When he register can navegation in platform
| strNameUser | strLastName | strEmail | strBirthMonth | strBirthDay | strBirthYear | strCity | strPostalCode | strCountry | strPhone | strModel | strOperatingSystem | strPassword |
| Jose | Pelaez | pruebas1@preubas.com | May | 13 | 1983 | Bogota | 110111 | Colombia | Samsung | Galaxy A | Android 7.1.1 | Prueba12123 | [Santiago login [Santiago enters 'Jose' into Input for name, Santiago enters 'Pelaez' into Input for last name, Santiago enters 'pruebas1@preubas.com' into Input for email, Santiago select May on Select month, Santiago select 13 on Select day, Santiago select 1983 on Select year, Santiago clicks on Button next], Santiago location [Santiago enters 'Bogota' into Enter the city, Santiago types 'ARROW_DOWN' in Enter the city, Santiago types 'ENTER' in Enter the city, Santiago enters '110111' into Enter the postal code or zip , Santiago clicks on Contein global of countries, Santiago enters 'Colombia' then hits ARROW_DOWN and ENTER into Select your Country, Santiago clicks on Button next devices], Santiago data devices [Santiago clicks on Global phone, Santiago enters 'Samsung' then hits ARROW_DOWN and ENTER into Your device brand, Santiago clicks on Global Model , Santiago enters 'Galaxy A' then hits ARROW_DOWN and ENTER into Your device model, Santiago clicks on Global operating system, Santiago enters 'Android 7.1.1' then hits ARROW_DOWN and ENTER into Operating system]]
[Test worker] WARN net.thucydides.core.steps.BaseStepListener - stepStarted: net.thucydides.core.steps.ExecutedStepDescription@165dc2f
[Test worker] WARN net.thucydides.core.steps.BaseStepListener - stepFinished: current outcome:register an user:Given than santiago need register in platform utest [Santiago open up [Santiago opens the Utest page, Santiago clicks on button for entry]], When he register can navegation in platform
| strNameUser | strLastName | strEmail | strBirthMonth | strBirthDay | strBirthYear | strCity | strPostalCode | strCountry | strPhone | strModel | strOperatingSystem | strPassword |
| Jose | Pelaez | pruebas1@preubas.com | May | 13 | 1983 | Bogota | 110111 | Colombia | Samsung | Galaxy A | Android 7.1.1 | Prueba12123 | [Santiago login [Santiago enters 'Jose' into Input for name, Santiago enters 'Pelaez' into Input for last name, Santiago enters 'pruebas1@preubas.com' into Input for email, Santiago select May on Select month, Santiago select 13 on Select day, Santiago select 1983 on Select year, Santiago clicks on Button next], Santiago location [Santiago enters 'Bogota' into Enter the city, Santiago types 'ARROW_DOWN' in Enter the city, Santiago types 'ENTER' in Enter the city, Santiago enters '110111' into Enter the postal code or zip , Santiago clicks on Contein global of countries, Santiago enters 'Colombia' then hits ARROW_DOWN and ENTER into Select your Country, Santiago clicks on Button next devices], Santiago data devices [Santiago clicks on Global phone, Santiago enters 'Samsung' then hits ARROW_DOWN and ENTER into Your device brand, Santiago clicks on Global Model , Santiago enters 'Galaxy A' then hits ARROW_DOWN and ENTER into Your device model, Santiago clicks on Global operating system, Santiago enters 'Android 7.1.1' then hits ARROW_DOWN and ENTER into Operating system, Santiago clicks on Button last next step]]
[Test worker] WARN net.thucydides.core.steps.BaseStepListener - stepFinished: current outcome:register an user:Given than santiago need register in platform utest [Santiago open up [Santiago opens the Utest page, Santiago clicks on button for entry]], When he register can navegation in platform
| strNameUser | strLastName | strEmail | strBirthMonth | strBirthDay | strBirthYear | strCity | strPostalCode | strCountry | strPhone | strModel | strOperatingSystem | strPassword |
| Jose | Pelaez | pruebas1@preubas.com | May | 13 | 1983 | Bogota | 110111 | Colombia | Samsung | Galaxy A | Android 7.1.1 | Prueba12123 | [Santiago login [Santiago enters 'Jose' into Input for name, Santiago enters 'Pelaez' into Input for last name, Santiago enters 'pruebas1@preubas.com' into Input for email, Santiago select May on Select month, Santiago select 13 on Select day, Santiago select 1983 on Select year, Santiago clicks on Button next], Santiago location [Santiago enters 'Bogota' into Enter the city, Santiago types 'ARROW_DOWN' in Enter the city, Santiago types 'ENTER' in Enter the city, Santiago enters '110111' into Enter the postal code or zip , Santiago clicks on Contein global of countries, Santiago enters 'Colombia' then hits ARROW_DOWN and ENTER into Select your Country, Santiago clicks on Button next devices], Santiago data devices [Santiago clicks on Global phone, Santiago enters 'Samsung' then hits ARROW_DOWN and ENTER into Your device brand, Santiago clicks on Global Model , Santiago enters 'Galaxy A' then hits ARROW_DOWN and ENTER into Your device model, Santiago clicks on Global operating system, Santiago enters 'Android 7.1.1' then hits ARROW_DOWN and ENTER into Operating system, Santiago clicks on Button last next step]]
[Test worker] WARN net.thucydides.core.steps.BaseStepListener - stepStarted: net.thucydides.core.steps.ExecutedStepDescription@396e0675
[Test worker] WARN net.thucydides.core.steps.BaseStepListener - stepStarted: net.thucydides.core.steps.ExecutedStepDescription@97b6af4
[Test worker] WARN net.thucydides.core.steps.BaseStepListener - stepFinished: current outcome:register an user:Given than santiago need register in platform utest [Santiago open up [Santiago opens the Utest page, Santiago clicks on button for entry]], When he register can navegation in platform
| strNameUser | strLastName | strEmail | strBirthMonth | strBirthDay | strBirthYear | strCity | strPostalCode | strCountry | strPhone | strModel | strOperatingSystem | strPassword |
| Jose | Pelaez | pruebas1@preubas.com | May | 13 | 1983 | Bogota | 110111 | Colombia | Samsung | Galaxy A | Android 7.1.1 | Prueba12123 | [Santiago login [Santiago enters 'Jose' into Input for name, Santiago enters 'Pelaez' into Input for last name, Santiago enters 'pruebas1@preubas.com' into Input for email, Santiago select May on Select month, Santiago select 13 on Select day, Santiago select 1983 on Select year, Santiago clicks on Button next], Santiago location [Santiago enters 'Bogota' into Enter the city, Santiago types 'ARROW_DOWN' in Enter the city, Santiago types 'ENTER' in Enter the city, Santiago enters '110111' into Enter the postal code or zip , Santiago clicks on Contein global of countries, Santiago enters 'Colombia' then hits ARROW_DOWN and ENTER into Select your Country, Santiago clicks on Button next devices], Santiago data devices [Santiago clicks on Global phone, Santiago enters 'Samsung' then hits ARROW_DOWN and ENTER into Your device brand, Santiago clicks on Global Model , Santiago enters 'Galaxy A' then hits ARROW_DOWN and ENTER into Your device model, Santiago clicks on Global operating system, Santiago enters 'Android 7.1.1' then hits ARROW_DOWN and ENTER into Operating system, Santiago clicks on Button last next step], Santiago last step [Santiago enters 'Prueba12123' into Create your uTest password]]
[Test worker] WARN net.thucydides.core.steps.BaseStepListener - stepStarted: net.thucydides.core.steps.ExecutedStepDescription@5defb650
[Test worker] WARN net.thucydides.core.steps.BaseStepListener - stepFinished: current outcome:register an user:Given than santiago need register in platform utest [Santiago open up [Santiago opens the Utest page, Santiago clicks on button for entry]], When he register can navegation in platform
| strNameUser | strLastName | strEmail | strBirthMonth | strBirthDay | strBirthYear | strCity | strPostalCode | strCountry | strPhone | strModel | strOperatingSystem | strPassword |
| Jose | Pelaez | pruebas1@preubas.com | May | 13 | 1983 | Bogota | 110111 | Colombia | Samsung | Galaxy A | Android 7.1.1 | Prueba12123 | [Santiago login [Santiago enters 'Jose' into Input for name, Santiago enters 'Pelaez' into Input for last name, Santiago enters 'pruebas1@preubas.com' into Input for email, Santiago select May on Select month, Santiago select 13 on Select day, Santiago select 1983 on Select year, Santiago clicks on Button next], Santiago location [Santiago enters 'Bogota' into Enter the city, Santiago types 'ARROW_DOWN' in Enter the city, Santiago types 'ENTER' in Enter the city, Santiago enters '110111' into Enter the postal code or zip , Santiago clicks on Contein global of countries, Santiago enters 'Colombia' then hits ARROW_DOWN and ENTER into Select your Country, Santiago clicks on Button next devices], Santiago data devices [Santiago clicks on Global phone, Santiago enters 'Samsung' then hits ARROW_DOWN and ENTER into Your device brand, Santiago clicks on Global Model , Santiago enters 'Galaxy A' then hits ARROW_DOWN and ENTER into Your device model, Santiago clicks on Global operating system, Santiago enters 'Android 7.1.1' then hits ARROW_DOWN and ENTER into Operating system, Santiago clicks on Button last next step], Santiago last step [Santiago enters 'Prueba12123' into Create your uTest password, Santiago enters 'Prueba12123' into Confirm your password]]
[Test worker] WARN net.thucydides.core.steps.BaseStepListener - stepStarted: net.thucydides.core.steps.ExecutedStepDescription@6ec0fd23
[Test worker] WARN net.thucydides.core.steps.BaseStepListener - stepFinished: current outcome:register an user:Given than santiago need register in platform utest [Santiago open up [Santiago opens the Utest page, Santiago clicks on button for entry]], When he register can navegation in platform
| strNameUser | strLastName | strEmail | strBirthMonth | strBirthDay | strBirthYear | strCity | strPostalCode | strCountry | strPhone | strModel | strOperatingSystem | strPassword |
| Jose | Pelaez | pruebas1@preubas.com | May | 13 | 1983 | Bogota | 110111 | Colombia | Samsung | Galaxy A | Android 7.1.1 | Prueba12123 | [Santiago login [Santiago enters 'Jose' into Input for name, Santiago enters 'Pelaez' into Input for last name, Santiago enters 'pruebas1@preubas.com' into Input for email, Santiago select May on Select month, Santiago select 13 on Select day, Santiago select 1983 on Select year, Santiago clicks on Button next], Santiago location [Santiago enters 'Bogota' into Enter the city, Santiago types 'ARROW_DOWN' in Enter the city, Santiago types 'ENTER' in Enter the city, Santiago enters '110111' into Enter the postal code or zip , Santiago clicks on Contein global of countries, Santiago enters 'Colombia' then hits ARROW_DOWN and ENTER into Select your Country, Santiago clicks on Button next devices], Santiago data devices [Santiago clicks on Global phone, Santiago enters 'Samsung' then hits ARROW_DOWN and ENTER into Your device brand, Santiago clicks on Global Model , Santiago enters 'Galaxy A' then hits ARROW_DOWN and ENTER into Your device model, Santiago clicks on Global operating system, Santiago enters 'Android 7.1.1' then hits ARROW_DOWN and ENTER into Operating system, Santiago clicks on Button last next step], Santiago last step [Santiago enters 'Prueba12123' into Create your uTest password, Santiago enters 'Prueba12123' into Confirm your password, Santiago clicks on  STAY INFORMED]]
[Test worker] WARN net.thucydides.core.steps.BaseStepListener - stepStarted: net.thucydides.core.steps.ExecutedStepDescription@1da3e893
[Test worker] WARN net.thucydides.core.steps.BaseStepListener - stepFinished: current outcome:register an user:Given than santiago need register in platform utest [Santiago open up [Santiago opens the Utest page, Santiago clicks on button for entry]], When he register can navegation in platform
| strNameUser | strLastName | strEmail | strBirthMonth | strBirthDay | strBirthYear | strCity | strPostalCode | strCountry | strPhone | strModel | strOperatingSystem | strPassword |
| Jose | Pelaez | pruebas1@preubas.com | May | 13 | 1983 | Bogota | 110111 | Colombia | Samsung | Galaxy A | Android 7.1.1 | Prueba12123 | [Santiago login [Santiago enters 'Jose' into Input for name, Santiago enters 'Pelaez' into Input for last name, Santiago enters 'pruebas1@preubas.com' into Input for email, Santiago select May on Select month, Santiago select 13 on Select day, Santiago select 1983 on Select year, Santiago clicks on Button next], Santiago location [Santiago enters 'Bogota' into Enter the city, Santiago types 'ARROW_DOWN' in Enter the city, Santiago types 'ENTER' in Enter the city, Santiago enters '110111' into Enter the postal code or zip , Santiago clicks on Contein global of countries, Santiago enters 'Colombia' then hits ARROW_DOWN and ENTER into Select your Country, Santiago clicks on Button next devices], Santiago data devices [Santiago clicks on Global phone, Santiago enters 'Samsung' then hits ARROW_DOWN and ENTER into Your device brand, Santiago clicks on Global Model , Santiago enters 'Galaxy A' then hits ARROW_DOWN and ENTER into Your device model, Santiago clicks on Global operating system, Santiago enters 'Android 7.1.1' then hits ARROW_DOWN and ENTER into Operating system, Santiago clicks on Button last next step], Santiago last step [Santiago enters 'Prueba12123' into Create your uTest password, Santiago enters 'Prueba12123' into Confirm your password, Santiago clicks on  STAY INFORMED, Santiago clicks on uTest Terms]]
[Test worker] WARN net.thucydides.core.steps.BaseStepListener - stepStarted: net.thucydides.core.steps.ExecutedStepDescription@4b27786b
[Test worker] WARN net.thucydides.core.steps.BaseStepListener - stepFinished: current outcome:register an user:Given than santiago need register in platform utest [Santiago open up [Santiago opens the Utest page, Santiago clicks on button for entry]], When he register can navegation in platform
| strNameUser | strLastName | strEmail | strBirthMonth | strBirthDay | strBirthYear | strCity | strPostalCode | strCountry | strPhone | strModel | strOperatingSystem | strPassword |
| Jose | Pelaez | pruebas1@preubas.com | May | 13 | 1983 | Bogota | 110111 | Colombia | Samsung | Galaxy A | Android 7.1.1 | Prueba12123 | [Santiago login [Santiago enters 'Jose' into Input for name, Santiago enters 'Pelaez' into Input for last name, Santiago enters 'pruebas1@preubas.com' into Input for email, Santiago select May on Select month, Santiago select 13 on Select day, Santiago select 1983 on Select year, Santiago clicks on Button next], Santiago location [Santiago enters 'Bogota' into Enter the city, Santiago types 'ARROW_DOWN' in Enter the city, Santiago types 'ENTER' in Enter the city, Santiago enters '110111' into Enter the postal code or zip , Santiago clicks on Contein global of countries, Santiago enters 'Colombia' then hits ARROW_DOWN and ENTER into Select your Country, Santiago clicks on Button next devices], Santiago data devices [Santiago clicks on Global phone, Santiago enters 'Samsung' then hits ARROW_DOWN and ENTER into Your device brand, Santiago clicks on Global Model , Santiago enters 'Galaxy A' then hits ARROW_DOWN and ENTER into Your device model, Santiago clicks on Global operating system, Santiago enters 'Android 7.1.1' then hits ARROW_DOWN and ENTER into Operating system, Santiago clicks on Button last next step], Santiago last step [Santiago enters 'Prueba12123' into Create your uTest password, Santiago enters 'Prueba12123' into Confirm your password, Santiago clicks on  STAY INFORMED, Santiago clicks on uTest Terms, Santiago clicks on Privacy & Security Policy]]
[Test worker] WARN net.thucydides.core.steps.BaseStepListener - stepStarted: net.thucydides.core.steps.ExecutedStepDescription@711c8b75
[Test worker] WARN net.thucydides.core.steps.BaseStepListener - stepFinished: current outcome:register an user:Given than santiago need register in platform utest [Santiago open up [Santiago opens the Utest page, Santiago clicks on button for entry]], When he register can navegation in platform
| strNameUser | strLastName | strEmail | strBirthMonth | strBirthDay | strBirthYear | strCity | strPostalCode | strCountry | strPhone | strModel | strOperatingSystem | strPassword |
| Jose | Pelaez | pruebas1@preubas.com | May | 13 | 1983 | Bogota | 110111 | Colombia | Samsung | Galaxy A | Android 7.1.1 | Prueba12123 | [Santiago login [Santiago enters 'Jose' into Input for name, Santiago enters 'Pelaez' into Input for last name, Santiago enters 'pruebas1@preubas.com' into Input for email, Santiago select May on Select month, Santiago select 13 on Select day, Santiago select 1983 on Select year, Santiago clicks on Button next], Santiago location [Santiago enters 'Bogota' into Enter the city, Santiago types 'ARROW_DOWN' in Enter the city, Santiago types 'ENTER' in Enter the city, Santiago enters '110111' into Enter the postal code or zip , Santiago clicks on Contein global of countries, Santiago enters 'Colombia' then hits ARROW_DOWN and ENTER into Select your Country, Santiago clicks on Button next devices], Santiago data devices [Santiago clicks on Global phone, Santiago enters 'Samsung' then hits ARROW_DOWN and ENTER into Your device brand, Santiago clicks on Global Model , Santiago enters 'Galaxy A' then hits ARROW_DOWN and ENTER into Your device model, Santiago clicks on Global operating system, Santiago enters 'Android 7.1.1' then hits ARROW_DOWN and ENTER into Operating system, Santiago clicks on Button last next step], Santiago last step [Santiago enters 'Prueba12123' into Create your uTest password, Santiago enters 'Prueba12123' into Confirm your password, Santiago clicks on  STAY INFORMED, Santiago clicks on uTest Terms, Santiago clicks on Privacy & Security Policy, Santiago clicks on Button complete]]
[Test worker] WARN net.thucydides.core.steps.BaseStepListener - stepFinished: current outcome:register an user:Given than santiago need register in platform utest [Santiago open up [Santiago opens the Utest page, Santiago clicks on button for entry]], When he register can navegation in platform
| strNameUser | strLastName | strEmail | strBirthMonth | strBirthDay | strBirthYear | strCity | strPostalCode | strCountry | strPhone | strModel | strOperatingSystem | strPassword |
| Jose | Pelaez | pruebas1@preubas.com | May | 13 | 1983 | Bogota | 110111 | Colombia | Samsung | Galaxy A | Android 7.1.1 | Prueba12123 | [Santiago login [Santiago enters 'Jose' into Input for name, Santiago enters 'Pelaez' into Input for last name, Santiago enters 'pruebas1@preubas.com' into Input for email, Santiago select May on Select month, Santiago select 13 on Select day, Santiago select 1983 on Select year, Santiago clicks on Button next], Santiago location [Santiago enters 'Bogota' into Enter the city, Santiago types 'ARROW_DOWN' in Enter the city, Santiago types 'ENTER' in Enter the city, Santiago enters '110111' into Enter the postal code or zip , Santiago clicks on Contein global of countries, Santiago enters 'Colombia' then hits ARROW_DOWN and ENTER into Select your Country, Santiago clicks on Button next devices], Santiago data devices [Santiago clicks on Global phone, Santiago enters 'Samsung' then hits ARROW_DOWN and ENTER into Your device brand, Santiago clicks on Global Model , Santiago enters 'Galaxy A' then hits ARROW_DOWN and ENTER into Your device model, Santiago clicks on Global operating system, Santiago enters 'Android 7.1.1' then hits ARROW_DOWN and ENTER into Operating system, Santiago clicks on Button last next step], Santiago last step [Santiago enters 'Prueba12123' into Create your uTest password, Santiago enters 'Prueba12123' into Confirm your password, Santiago clicks on  STAY INFORMED, Santiago clicks on uTest Terms, Santiago clicks on Privacy & Security Policy, Santiago clicks on Button complete]]
[Test worker] WARN net.thucydides.core.steps.BaseStepListener - stepFinished: current outcome:register an user:Given than santiago need register in platform utest [Santiago open up [Santiago opens the Utest page, Santiago clicks on button for entry]], When he register can navegation in platform
| strNameUser | strLastName | strEmail | strBirthMonth | strBirthDay | strBirthYear | strCity | strPostalCode | strCountry | strPhone | strModel | strOperatingSystem | strPassword |
| Jose | Pelaez | pruebas1@preubas.com | May | 13 | 1983 | Bogota | 110111 | Colombia | Samsung | Galaxy A | Android 7.1.1 | Prueba12123 | [Santiago login [Santiago enters 'Jose' into Input for name, Santiago enters 'Pelaez' into Input for last name, Santiago enters 'pruebas1@preubas.com' into Input for email, Santiago select May on Select month, Santiago select 13 on Select day, Santiago select 1983 on Select year, Santiago clicks on Button next], Santiago location [Santiago enters 'Bogota' into Enter the city, Santiago types 'ARROW_DOWN' in Enter the city, Santiago types 'ENTER' in Enter the city, Santiago enters '110111' into Enter the postal code or zip , Santiago clicks on Contein global of countries, Santiago enters 'Colombia' then hits ARROW_DOWN and ENTER into Select your Country, Santiago clicks on Button next devices], Santiago data devices [Santiago clicks on Global phone, Santiago enters 'Samsung' then hits ARROW_DOWN and ENTER into Your device brand, Santiago clicks on Global Model , Santiago enters 'Galaxy A' then hits ARROW_DOWN and ENTER into Your device model, Santiago clicks on Global operating system, Santiago enters 'Android 7.1.1' then hits ARROW_DOWN and ENTER into Operating system, Santiago clicks on Button last next step], Santiago last step [Santiago enters 'Prueba12123' into Create your uTest password, Santiago enters 'Prueba12123' into Confirm your password, Santiago clicks on  STAY INFORMED, Santiago clicks on uTest Terms, Santiago clicks on Privacy & Security Policy, Santiago clicks on Button complete]]
[Test worker] WARN net.thucydides.core.steps.BaseStepListener - stepStarted: net.thucydides.core.steps.ExecutedStepDescription@1da4ef5d
[Test worker] WARN net.thucydides.core.steps.BaseStepListener - stepStarted: net.thucydides.core.steps.ExecutedStepDescription@27c4fd28
[Test worker] WARN net.thucydides.core.steps.BaseStepListener - stepFinished: current outcome:register an user:Given than santiago need register in platform utest [Santiago open up [Santiago opens the Utest page, Santiago clicks on button for entry]], When he register can navegation in platform
| strNameUser | strLastName | strEmail | strBirthMonth | strBirthDay | strBirthYear | strCity | strPostalCode | strCountry | strPhone | strModel | strOperatingSystem | strPassword |
| Jose | Pelaez | pruebas1@preubas.com | May | 13 | 1983 | Bogota | 110111 | Colombia | Samsung | Galaxy A | Android 7.1.1 | Prueba12123 | [Santiago login [Santiago enters 'Jose' into Input for name, Santiago enters 'Pelaez' into Input for last name, Santiago enters 'pruebas1@preubas.com' into Input for email, Santiago select May on Select month, Santiago select 13 on Select day, Santiago select 1983 on Select year, Santiago clicks on Button next], Santiago location [Santiago enters 'Bogota' into Enter the city, Santiago types 'ARROW_DOWN' in Enter the city, Santiago types 'ENTER' in Enter the city, Santiago enters '110111' into Enter the postal code or zip , Santiago clicks on Contein global of countries, Santiago enters 'Colombia' then hits ARROW_DOWN and ENTER into Select your Country, Santiago clicks on Button next devices], Santiago data devices [Santiago clicks on Global phone, Santiago enters 'Samsung' then hits ARROW_DOWN and ENTER into Your device brand, Santiago clicks on Global Model , Santiago enters 'Galaxy A' then hits ARROW_DOWN and ENTER into Your device model, Santiago clicks on Global operating system, Santiago enters 'Android 7.1.1' then hits ARROW_DOWN and ENTER into Operating system, Santiago clicks on Button last next step], Santiago last step [Santiago enters 'Prueba12123' into Create your uTest password, Santiago enters 'Prueba12123' into Confirm your password, Santiago clicks on  STAY INFORMED, Santiago clicks on uTest Terms, Santiago clicks on Privacy & Security Policy, Santiago clicks on Button complete]], Then can see your activity
| strFinalText |
| Complete Setup | [Then utest response]
[Test worker] WARN net.thucydides.core.steps.BaseStepListener - stepFinished: current outcome:register an user:Given than santiago need register in platform utest [Santiago open up [Santiago opens the Utest page, Santiago clicks on button for entry]], When he register can navegation in platform
| strNameUser | strLastName | strEmail | strBirthMonth | strBirthDay | strBirthYear | strCity | strPostalCode | strCountry | strPhone | strModel | strOperatingSystem | strPassword |
| Jose | Pelaez | pruebas1@preubas.com | May | 13 | 1983 | Bogota | 110111 | Colombia | Samsung | Galaxy A | Android 7.1.1 | Prueba12123 | [Santiago login [Santiago enters 'Jose' into Input for name, Santiago enters 'Pelaez' into Input for last name, Santiago enters 'pruebas1@preubas.com' into Input for email, Santiago select May on Select month, Santiago select 13 on Select day, Santiago select 1983 on Select year, Santiago clicks on Button next], Santiago location [Santiago enters 'Bogota' into Enter the city, Santiago types 'ARROW_DOWN' in Enter the city, Santiago types 'ENTER' in Enter the city, Santiago enters '110111' into Enter the postal code or zip , Santiago clicks on Contein global of countries, Santiago enters 'Colombia' then hits ARROW_DOWN and ENTER into Select your Country, Santiago clicks on Button next devices], Santiago data devices [Santiago clicks on Global phone, Santiago enters 'Samsung' then hits ARROW_DOWN and ENTER into Your device brand, Santiago clicks on Global Model , Santiago enters 'Galaxy A' then hits ARROW_DOWN and ENTER into Your device model, Santiago clicks on Global operating system, Santiago enters 'Android 7.1.1' then hits ARROW_DOWN and ENTER into Operating system, Santiago clicks on Button last next step], Santiago last step [Santiago enters 'Prueba12123' into Create your uTest password, Santiago enters 'Prueba12123' into Confirm your password, Santiago clicks on  STAY INFORMED, Santiago clicks on uTest Terms, Santiago clicks on Privacy & Security Policy, Santiago clicks on Button complete]], Then can see your activity
| strFinalText |
| Complete Setup | [Then utest response]
[Test worker] WARN net.thucydides.core.steps.BaseStepListener - testFinished: register an user:Given than santiago need register in platform utest [Santiago open up [Santiago opens the Utest page, Santiago clicks on button for entry]], When he register can navegation in platform
| strNameUser | strLastName | strEmail | strBirthMonth | strBirthDay | strBirthYear | strCity | strPostalCode | strCountry | strPhone | strModel | strOperatingSystem | strPassword |
| Jose | Pelaez | pruebas1@preubas.com | May | 13 | 1983 | Bogota | 110111 | Colombia | Samsung | Galaxy A | Android 7.1.1 | Prueba12123 | [Santiago login [Santiago enters 'Jose' into Input for name, Santiago enters 'Pelaez' into Input for last name, Santiago enters 'pruebas1@preubas.com' into Input for email, Santiago select May on Select month, Santiago select 13 on Select day, Santiago select 1983 on Select year, Santiago clicks on Button next], Santiago location [Santiago enters 'Bogota' into Enter the city, Santiago types 'ARROW_DOWN' in Enter the city, Santiago types 'ENTER' in Enter the city, Santiago enters '110111' into Enter the postal code or zip , Santiago clicks on Contein global of countries, Santiago enters 'Colombia' then hits ARROW_DOWN and ENTER into Select your Country, Santiago clicks on Button next devices], Santiago data devices [Santiago clicks on Global phone, Santiago enters 'Samsung' then hits ARROW_DOWN and ENTER into Your device brand, Santiago clicks on Global Model , Santiago enters 'Galaxy A' then hits ARROW_DOWN and ENTER into Your device model, Santiago clicks on Global operating system, Santiago enters 'Android 7.1.1' then hits ARROW_DOWN and ENTER into Operating system, Santiago clicks on Button last next step], Santiago last step [Santiago enters 'Prueba12123' into Create your uTest password, Santiago enters 'Prueba12123' into Confirm your password, Santiago clicks on  STAY INFORMED, Santiago clicks on uTest Terms, Santiago clicks on Privacy & Security Policy, Santiago clicks on Button complete]], Then can see your activity
| strFinalText |
| Complete Setup | [Then utest response]
[Test worker] WARN net.thucydides.core.steps.BaseStepListener - TestOutcomes: [register an user:Given than santiago need register in platform utest [Santiago open up [Santiago opens the Utest page, Santiago clicks on button for entry]], When he register can navegation in platform
| strNameUser | strLastName | strEmail | strBirthMonth | strBirthDay | strBirthYear | strCity | strPostalCode | strCountry | strPhone | strModel | strOperatingSystem | strPassword |
| Jose | Pelaez | pruebas1@preubas.com | May | 13 | 1983 | Bogota | 110111 | Colombia | Samsung | Galaxy A | Android 7.1.1 | Prueba12123 | [Santiago login [Santiago enters 'Jose' into Input for name, Santiago enters 'Pelaez' into Input for last name, Santiago enters 'pruebas1@preubas.com' into Input for email, Santiago select May on Select month, Santiago select 13 on Select day, Santiago select 1983 on Select year, Santiago clicks on Button next], Santiago location [Santiago enters 'Bogota' into Enter the city, Santiago types 'ARROW_DOWN' in Enter the city, Santiago types 'ENTER' in Enter the city, Santiago enters '110111' into Enter the postal code or zip , Santiago clicks on Contein global of countries, Santiago enters 'Colombia' then hits ARROW_DOWN and ENTER into Select your Country, Santiago clicks on Button next devices], Santiago data devices [Santiago clicks on Global phone, Santiago enters 'Samsung' then hits ARROW_DOWN and ENTER into Your device brand, Santiago clicks on Global Model , Santiago enters 'Galaxy A' then hits ARROW_DOWN and ENTER into Your device model, Santiago clicks on Global operating system, Santiago enters 'Android 7.1.1' then hits ARROW_DOWN and ENTER into Operating system, Santiago clicks on Button last next step], Santiago last step [Santiago enters 'Prueba12123' into Create your uTest password, Santiago enters 'Prueba12123' into Confirm your password, Santiago clicks on  STAY INFORMED, Santiago clicks on uTest Terms, Santiago clicks on Privacy & Security Policy, Santiago clicks on Button complete]], Then can see your activity
| strFinalText |
| Complete Setup | [Then utest response]]
[Test worker] WARN net.thucydides.core.steps.BaseStepListener - Final testOutcomes: [register an user:Given than santiago need register in platform utest [Santiago open up [Santiago opens the Utest page, Santiago clicks on button for entry]], When he register can navegation in platform
| strNameUser | strLastName | strEmail | strBirthMonth | strBirthDay | strBirthYear | strCity | strPostalCode | strCountry | strPhone | strModel | strOperatingSystem | strPassword |
| Jose | Pelaez | pruebas1@preubas.com | May | 13 | 1983 | Bogota | 110111 | Colombia | Samsung | Galaxy A | Android 7.1.1 | Prueba12123 | [Santiago login [Santiago enters 'Jose' into Input for name, Santiago enters 'Pelaez' into Input for last name, Santiago enters 'pruebas1@preubas.com' into Input for email, Santiago select May on Select month, Santiago select 13 on Select day, Santiago select 1983 on Select year, Santiago clicks on Button next], Santiago location [Santiago enters 'Bogota' into Enter the city, Santiago types 'ARROW_DOWN' in Enter the city, Santiago types 'ENTER' in Enter the city, Santiago enters '110111' into Enter the postal code or zip , Santiago clicks on Contein global of countries, Santiago enters 'Colombia' then hits ARROW_DOWN and ENTER into Select your Country, Santiago clicks on Button next devices], Santiago data devices [Santiago clicks on Global phone, Santiago enters 'Samsung' then hits ARROW_DOWN and ENTER into Your device brand, Santiago clicks on Global Model , Santiago enters 'Galaxy A' then hits ARROW_DOWN and ENTER into Your device model, Santiago clicks on Global operating system, Santiago enters 'Android 7.1.1' then hits ARROW_DOWN and ENTER into Operating system, Santiago clicks on Button last next step], Santiago last step [Santiago enters 'Prueba12123' into Create your uTest password, Santiago enters 'Prueba12123' into Confirm your password, Santiago clicks on  STAY INFORMED, Santiago clicks on uTest Terms, Santiago clicks on Privacy & Security Policy, Santiago clicks on Button complete]], Then can see your activity
| strFinalText |
| Complete Setup | [Then utest response]]
[Test worker] INFO net.thucydides.core.steps.ConsoleLoggingListener - 
        __    _____ _____ ____ _____   ____   _    ____  ____  _____ ____  
  _     \ \  |_   _| ____/ ___|_   _| |  _ \ / \  / ___|/ ___|| ____|  _ \ 
 (_)_____| |   | | |  _| \___ \ | |   | |_) / _ \ \___ \\___ \|  _| | | | |
  _|_____| |   | | | |___ ___) || |   |  __/ ___ \ ___) |___) | |___| |_| |
 (_)     | |   |_| |_____|____/ |_|   |_| /_/   \_\____/|____/|_____|____/ 
        /_/                                                                

TEST PASSED: register an user
----------------------------------------------------------------------------
]]></system-err>
</testsuite>
